mopub-sdk/mopub-sdk-base/build/intermediates/manifest_merge_blame_file/debug/manifest-merger-blame-debug-report.txt
1<?xml version="1.0" encoding="utf-8"?>
2<manifest xmlns:android="http://schemas.android.com/apk/res/android"
3    package="com.mopub.mobileads.base"
4    android:versionCode="87"
5    android:versionName="5.16.3" >
6
7    <uses-sdk
8        android:minSdkVersion="19"
8-->src\main\AndroidManifest.xml
9        android:targetSdkVersion="30" />
9-->src\main\AndroidManifest.xml
10
11    <uses-permission android:name="android.permission.INTERNET" />
11-->src\main\AndroidManifest.xml:4:5-67
11-->src\main\AndroidManifest.xml:4:22-64
12    <uses-permission android:name="android.permission.ACCESS_COARSE_LOCATION" />
12-->src\main\AndroidManifest.xml:5:5-81
12-->src\main\AndroidManifest.xml:5:22-78
13    <uses-permission android:name="android.permission.ACCESS_NETWORK_STATE" />
13-->src\main\AndroidManifest.xml:6:5-79
13-->src\main\AndroidManifest.xml:6:22-76
14
15    <application>
15-->src\main\AndroidManifest.xml:8:5-17:19
16        <activity
16-->src\main\AndroidManifest.xml:9:9-12:59
17            android:name="com.mopub.common.MoPubBrowser"
17-->src\main\AndroidManifest.xml:10:13-57
18            android:configChanges="keyboardHidden|orientation|screenSize"
18-->src\main\AndroidManifest.xml:11:13-74
19            android:theme="@style/MoPubFullscreenTheme" />
19-->src\main\AndroidManifest.xml:12:13-56
20        <activity
20-->src\main\AndroidManifest.xml:13:9-16:59
21            android:name="com.mopub.common.privacy.ConsentDialogActivity"
21-->src\main\AndroidManifest.xml:14:13-74
22            android:configChanges="keyboardHidden|orientation|screenSize"
22-->src\main\AndroidManifest.xml:15:13-74
23            android:theme="@style/MoPubFullscreenTheme" />
23-->src\main\AndroidManifest.xml:16:13-56
24    </application>
25
26</manifest>